SF:lib\features\auth\domain\entity\auth_entity.dart
DA:12,4
DA:22,1
DA:24,8
LF:3
LH:3
end_of_record
SF:lib\core\error\failure.dart
DA:6,4
DA:8,0
DA:9,0
DA:13,0
DA:18,4
DA:25,0
LF:6
LH:2
end_of_record
SF:lib\features\auth\domain\use_case\upload_image_usecase.dart
DA:11,1
DA:20,1
DA:22,1
DA:24,3
LF:4
LH:4
end_of_record
SF:lib\features\auth\data\model\auth_api_model.dart
DA:18,1
DA:28,1
DA:29,1
DA:31,2
DA:33,1
DA:34,1
DA:35,1
DA:36,1
DA:37,1
DA:38,1
DA:39,1
DA:40,1
DA:41,1
DA:45,1
DA:46,1
DA:47,1
DA:48,1
DA:49,1
DA:50,1
DA:51,1
DA:52,1
DA:53,1
DA:57,0
DA:59,0
LF:24
LH:22
end_of_record
SF:lib\features\auth\data\model\auth_api_model.g.dart
DA:9,2
DA:10,1
DA:11,1
DA:12,1
DA:13,1
DA:14,1
DA:15,1
DA:16,1
DA:19,1
DA:20,1
DA:21,1
DA:22,1
DA:23,1
DA:24,1
DA:25,1
DA:26,1
DA:27,1
LF:17
LH:17
end_of_record
SF:lib\features\auth\domain\use_case\login_usecase.dart
DA:12,2
DA:18,0
DA:22,0
DA:23,0
DA:29,1
DA:31,1
DA:34,6
DA:35,1
DA:36,2
DA:37,1
DA:38,2
DA:39,4
DA:40,1
DA:42,1
LF:14
LH:11
end_of_record
SF:lib\app\shared_prefs\token_shared_prefs.dart
DA:8,0
DA:10,0
DA:12,0
DA:13,0
DA:15,0
DA:19,0
DA:21,0
DA:22,0
DA:24,0
LF:9
LH:0
end_of_record
SF:lib\features\auth\domain\use_case\register_usecase.dart
DA:16,1
DA:26,0
DA:35,0
DA:36,0
DA:42,1
DA:44,1
DA:46,1
DA:47,1
DA:48,1
DA:49,1
DA:50,1
DA:51,1
DA:52,1
DA:54,2
LF:14
LH:11
end_of_record
